\BOOKMARK [1][-]{section.1}{\376\377\116\343\145\160\142\376\220\127}{}% 1
\BOOKMARK [2][-]{subsection.1.1}{\376\377\176\277\140\047\116\343\145\160}{section.1}% 2
\BOOKMARK [2][-]{subsection.1.2}{\376\377\177\244}{section.1}% 3
\BOOKMARK [1][-]{section.2}{\376\377\210\150\171\072\213\272\166\204\127\372\147\054\151\202\137\365}{}% 4
\BOOKMARK [2][-]{subsection.2.1}{\376\377\210\150\171\072\166\204\215\167\156\220}{section.2}% 5
\BOOKMARK [2][-]{subsection.2.2}{\376\377\210\150\171\072\166\204\127\372\147\054\151\202\137\365}{section.2}% 6
\BOOKMARK [3][-]{subsubsection.2.2.1}{\376\377\177\244\210\150\171\072\166\204\133\232\116\111}{subsection.2.2}% 7
\BOOKMARK [3][-]{subsubsection.2.2.2}{\376\377\116\000\116\233\117\213\133\120}{subsection.2.2}% 8
\BOOKMARK [3][-]{subsubsection.2.2.3}{\376\377\133\120\210\150\171\072\377\014\125\106\210\150\171\072\377\014\226\120\122\066\210\150\171\072}{subsection.2.2}% 9
\BOOKMARK [3][-]{subsubsection.2.2.4}{\376\377\177\040\176\323\173\227\133\120}{subsection.2.2}% 10
\BOOKMARK [3][-]{subsubsection.2.2.5}{\376\377\133\214\121\150\123\357\176\246}{subsection.2.2}% 11
\BOOKMARK [2][-]{subsection.2.3}{\376\377\116\015\123\357\176\246\210\150\171\072}{section.2}% 12
\BOOKMARK [3][-]{subsubsection.2.3.1}{\376\377\127\372\147\054\133\232\116\111}{subsection.2.3}% 13
\BOOKMARK [3][-]{subsubsection.2.3.2}{\376\377\127\372\147\054\140\047\215\050}{subsection.2.3}% 14
\BOOKMARK [3][-]{subsubsection.2.3.3}{\376\377\210\150\171\072\166\204\137\040\221\317\171\357}{subsection.2.3}% 15
\BOOKMARK [1][-]{section.3}{\376\377\162\171\137\201\150\007}{}% 16
\BOOKMARK [2][-]{subsection.3.1}{\376\377\000S\000c\000h\000u\000r\137\025\164\006}{section.3}% 17
\BOOKMARK [3][-]{subsubsection.3.1.1}{\376\377\137\025\164\006\166\204\127\372\147\054\121\205\133\271}{subsection.3.1}% 18
\BOOKMARK [3][-]{subsubsection.3.1.2}{\376\377\213\241\173\227\117\213\133\120}{subsection.3.1}% 19
\BOOKMARK [2][-]{subsection.3.2}{\376\377\173\054\116\000\153\143\116\244\121\163\174\373}{section.3}% 20
\BOOKMARK [3][-]{subsubsection.3.2.1}{\376\377\167\351\226\065\174\373\145\160\166\204\153\143\116\244\121\163\174\373}{subsection.3.2}% 21
\BOOKMARK [3][-]{subsubsection.3.2.2}{\376\377\162\171\137\201\150\007}{subsection.3.2}% 22
\BOOKMARK [3][-]{subsubsection.3.2.3}{\376\377\162\171\137\201\150\007\116\016\210\150\171\072\166\204\133\371\136\224}{subsection.3.2}% 23
\BOOKMARK [2][-]{subsection.3.3}{\376\377\135\346\153\143\122\031\210\150\171\072}{section.3}% 24
\BOOKMARK [3][-]{subsubsection.3.3.1}{\376\377\147\011\226\120\177\244\166\204\140\305\121\265}{subsection.3.3}% 25
\BOOKMARK [3][-]{subsubsection.3.3.2}{\376\377\145\340\226\120\177\244\166\204\143\250\136\177\145\271\154\325}{subsection.3.3}% 26
\BOOKMARK [2][-]{subsection.3.4}{\376\377\174\173\121\375\145\160\172\172\225\364}{section.3}% 27
\BOOKMARK [2][-]{subsection.3.5}{\376\377\162\171\137\201\150\007\210\150}{section.3}% 28
\BOOKMARK [2][-]{subsection.3.6}{\376\377\162\171\137\201\150\007\116\055\166\204\153\143\211\304\133\120\177\244}{section.3}% 29
\BOOKMARK [2][-]{subsection.3.7}{\376\377\173\054\116\214\153\143\116\244\121\163\174\373}{section.3}% 30
\BOOKMARK [1][-]{section.4}{\376\377\000M\000c\000K\000a\000y\133\371\136\224}{}% 31
\BOOKMARK [2][-]{subsection.4.1}{\376\377\160\271\177\244\166\204\210\150\171\072}{section.4}% 32
