\BOOKMARK [1][-]{section.1}{\376\377\155\113\136\246\213\272}{}% 1
\BOOKMARK [2][-]{subsection.1.1}{\376\377\000P\000r\000e\000l\000i\000m\000i\000n\000a\000r\000i\000e\000s}{section.1}% 2
\BOOKMARK [3][-]{subsubsection.1.1.1}{\376\377\142\323\142\121\151\202\137\365}{subsection.1.1}% 3
\BOOKMARK [3][-]{subsubsection.1.1.2}{\376\377\225\177\145\271\137\142}{subsection.1.1}% 4
\BOOKMARK [3][-]{subsubsection.1.1.3}{\376\377\137\000\226\306\166\204\176\323\147\204}{subsection.1.1}% 5
\BOOKMARK [3][-]{subsubsection.1.1.4}{\376\377\000C\000a\000n\000t\000o\000r\226\306\124\010}{subsection.1.1}% 6
\BOOKMARK [2][-]{subsection.1.2}{\376\377\131\026\155\113\136\246}{section.1}% 7
\BOOKMARK [3][-]{subsubsection.1.2.1}{\376\377\131\026\155\113\136\246\166\204\133\232\116\111}{subsection.1.2}% 8
\BOOKMARK [3][-]{subsubsection.1.2.2}{\376\377\131\026\155\113\136\246\166\204\202\345\136\162\140\047\215\050}{subsection.1.2}% 9
\BOOKMARK [2][-]{subsection.1.3}{\376\377\123\357\155\113\226\306\124\214\122\322\215\035\150\074\155\113\136\246}{section.1}% 10
\BOOKMARK [3][-]{subsubsection.1.3.1}{\376\377\133\232\116\111\124\214\202\345\136\162\140\047\215\050}{subsection.1.3}% 11
\BOOKMARK [3][-]{subsubsection.1.3.2}{\376\377\133\371\123\357\155\113\226\306\166\204\217\333\116\000\153\145\213\250\213\272\377\014\000B\000o\000r\000e\000l\226\306\174\007}{subsection.1.3}% 12
\BOOKMARK [2][-]{subsection.1.4}{\376\377\123\357\155\113\121\375\145\160}{section.1}% 13
\BOOKMARK [3][-]{subsubsection.1.4.1}{\376\377\133\232\116\111}{subsection.1.4}% 14
\BOOKMARK [3][-]{subsubsection.1.4.2}{\376\377\140\047\215\050}{subsection.1.4}% 15
\BOOKMARK [3][-]{subsubsection.1.4.3}{\376\377\123\357\155\113\121\375\145\160\166\204\176\323\147\204}{subsection.1.4}% 16
\BOOKMARK [3][-]{subsubsection.1.4.4}{\376\377\000L\000i\000t\000t\000l\000e\000w\000o\000o\000d\123\237\164\006}{subsection.1.4}% 17
\BOOKMARK [2][-]{subsection.1.5}{\376\377\000T\000i\000p\000s}{section.1}% 18
\BOOKMARK [1][-]{section.2}{\376\377\171\357\122\006\213\272}{}% 19
\BOOKMARK [2][-]{subsection.2.1}{\376\377\122\322\215\035\150\074\171\357\122\006\377\032\127\372\147\054\140\047\215\050\124\214\145\066\145\133\133\232\164\006}{section.2}% 20
\BOOKMARK [3][-]{subsubsection.2.1.1}{\376\377\116\016\236\316\146\374\171\357\122\006\166\204\121\163\174\373}{subsection.2.1}% 21
\BOOKMARK [2][-]{subsection.2.2}{\376\377\123\357\171\357\121\375\145\160\166\204\000L\0001\172\172\225\364}{section.2}% 22
\BOOKMARK [2][-]{subsection.2.3}{\376\377\000F\000i\000b\000i\000n\000i\133\232\164\006}{section.2}% 23
\BOOKMARK [2][-]{subsection.2.4}{\376\377\000T\000i\000p\000s}{section.2}% 24
\BOOKMARK [1][-]{section.3}{\376\377\137\256\122\006\116\016\171\357\122\006}{}% 25
\BOOKMARK [2][-]{subsection.3.1}{\376\377\133\371\171\357\122\006\217\333\210\114\137\256\122\006}{section.3}% 26
\BOOKMARK [3][-]{subsubsection.3.1.1}{\376\377\000H\000a\000r\000d\000y\000-\000L\000i\000t\000t\000l\000e\000w\000o\000o\000d\000\040\147\000\131\047\120\074\121\375\145\160}{subsection.3.1}% 27
\BOOKMARK [3][-]{subsubsection.3.1.2}{\376\377\122\322\215\035\150\074\171\357\122\006\133\232\164\006}{subsection.3.1}% 28
\BOOKMARK [2][-]{subsection.3.2}{\376\377\147\011\121\163\120\205\221\314\123\366\166\204\122\006\147\220}{section.3}% 29
\BOOKMARK [2][-]{subsection.3.3}{\376\377\133\371\137\256\122\006\217\333\210\114\171\357\122\006}{section.3}% 30
\BOOKMARK [3][-]{subsubsection.3.3.1}{\376\377\147\011\165\114\123\330\135\356\121\375\145\160}{subsection.3.3}% 31
\BOOKMARK [3][-]{subsubsection.3.3.2}{\376\377\122\322\215\035\150\074\137\025\164\006}{subsection.3.3}% 32
\BOOKMARK [3][-]{subsubsection.3.3.3}{\376\377\176\335\133\371\217\336\176\355\121\375\145\160}{subsection.3.3}% 33
\BOOKMARK [3][-]{subsubsection.3.3.4}{\376\377\215\363\215\303\121\375\145\160}{subsection.3.3}% 34
\BOOKMARK [2][-]{subsection.3.4}{\376\377\000M\000i\000n\000k\000o\000w\000s\000k\000y\121\205\124\053\116\016\173\111\124\150\116\015\173\111\137\017}{section.3}% 35
\BOOKMARK [3][-]{subsubsection.3.4.1}{\376\377\000M\000i\000n\000k\000o\000w\000s\000k\000i\121\205\124\053}{subsection.3.4}% 36
