\BOOKMARK [1][-]{section.1}{\376\377\122\006\136\003\121\375\145\160}{}% 1
\BOOKMARK [1][-]{section.2}{\376\377\226\217\147\072\123\330\221\317\166\204\145\160\133\127\162\171\137\201}{}% 2
\BOOKMARK [2][-]{subsection.2.1}{\376\377\145\160\133\146\147\037\147\033}{section.2}% 3
\BOOKMARK [3][-]{subsubsection.2.1.1}{\376\377\145\160\133\146\147\037\147\033\166\204\133\232\116\111}{subsection.2.1}% 4
\BOOKMARK [3][-]{subsubsection.2.1.2}{\376\377\145\160\133\146\147\037\147\033\166\204\140\047\215\050}{subsection.2.1}% 5
\BOOKMARK [3][-]{subsubsection.2.1.3}{\376\377\136\070\211\301\122\006\136\003\166\204\147\037\147\033}{subsection.2.1}% 6
\BOOKMARK [2][-]{subsection.2.2}{\376\377\121\166\116\326\145\160\133\127\162\171\137\201}{section.2}% 7
\BOOKMARK [3][-]{subsubsection.2.2.1}{\376\377\145\271\135\356}{subsection.2.2}% 8
\BOOKMARK [3][-]{subsubsection.2.2.2}{\376\377\123\117\145\271\135\356\226\065}{subsection.2.2}% 9
\BOOKMARK [3][-]{subsubsection.2.2.3}{\376\377\166\370\121\163\174\373\145\160}{subsection.2.2}% 10
\BOOKMARK [3][-]{subsubsection.2.2.4}{\376\377\147\141\116\366\145\160\133\146\147\037\147\033}{subsection.2.2}% 11
\BOOKMARK [3][-]{subsubsection.2.2.5}{\376\377\167\351}{subsection.2.2}% 12
\BOOKMARK [2][-]{subsection.2.3}{\376\377\153\315\121\375\145\160}{section.2}% 13
\BOOKMARK [2][-]{subsection.2.4}{\376\377\162\171\137\201\121\375\145\160}{section.2}% 14
\BOOKMARK [3][-]{subsubsection.2.4.1}{\376\377\162\171\137\201\121\375\145\160\166\204\151\202\137\365}{subsection.2.4}% 15
\BOOKMARK [3][-]{subsubsection.2.4.2}{\376\377\123\315\157\024\121\154\137\017\116\016\125\057\116\000\140\047\133\232\164\006}{subsection.2.4}% 16
\BOOKMARK [3][-]{subsubsection.2.4.3}{\376\377\131\032\121\103\162\171\137\201\121\375\145\160}{subsection.2.4}% 17
\BOOKMARK [2][-]{subsection.2.5}{\376\377\131\032\121\103\153\143\140\001\122\006\136\003}{section.2}% 18
\BOOKMARK [3][-]{subsubsection.2.5.1}{\376\377\133\306\136\246\121\375\145\160\116\016\162\171\137\201\121\375\145\160}{subsection.2.5}% 19
\BOOKMARK [3][-]{subsubsection.2.5.2}{\376\377\153\143\140\001\122\006\136\003\166\204\140\047\215\050}{subsection.2.5}% 20
\BOOKMARK [3][-]{subsubsection.2.5.3}{\376\377\176\277\140\047\123\330\143\142}{subsection.2.5}% 21
\BOOKMARK [1][-]{section.3}{\376\377\147\201\226\120\133\232\164\006}{}% 22
\BOOKMARK [2][-]{subsection.3.1}{\376\377\226\217\147\072\123\330\221\317\122\027\166\204\145\066\145\133\140\047}{section.3}% 23
\BOOKMARK [2][-]{subsection.3.2}{\376\377\137\061\145\066\145\133}{section.3}% 24
\BOOKMARK [2][-]{subsection.3.3}{\376\377\217\336\176\355\140\047\133\232\164\006\377\032\131\047\166\204\211\201\147\145\116\206}{section.3}% 25
