\BOOKMARK [1][-]{section.1}{\376\377\177\244\166\204\133\232\116\111}{}% 1
\BOOKMARK [2][-]{subsection.1.1}{\376\377\177\244\116\016\177\244\200\332}{section.1}% 2
\BOOKMARK [2][-]{subsection.1.2}{\376\377\177\244\166\204\127\372\170\100\140\047\215\050}{section.1}% 3
\BOOKMARK [1][-]{section.2}{\376\377\177\244\166\204\117\213\133\120}{}% 4
\BOOKMARK [2][-]{subsection.2.1}{\376\377\133\371\171\360\177\244}{section.2}% 5
\BOOKMARK [2][-]{subsection.2.2}{\376\377\116\214\227\142\117\123\177\244}{section.2}% 6
\BOOKMARK [2][-]{subsection.2.3}{\376\377\137\252\163\257\177\244}{section.2}% 7
\BOOKMARK [1][-]{section.3}{\376\377\177\244\203\003\165\164}{}% 8
\BOOKMARK [2][-]{subsection.3.1}{\376\377\177\244\124\014\140\001}{section.3}% 9
\BOOKMARK [2][-]{subsection.3.2}{\376\377\177\244\124\014\140\001\166\204\117\213\133\120}{section.3}% 10
\BOOKMARK [2][-]{subsection.3.3}{\376\377\124\014\140\001\124\214\226\066}{section.3}% 11
\BOOKMARK [2][-]{subsection.3.4}{\376\377\124\014\147\204}{section.3}% 12
\BOOKMARK [2][-]{subsection.3.5}{\376\377\000A\000b\000e\000l\177\244\166\204\124\014\140\001}{section.3}% 13
\BOOKMARK [2][-]{subsection.3.6}{\376\377\177\244\203\003\165\164}{section.3}% 14
\BOOKMARK [1][-]{section.4}{\376\377\201\352\165\061\177\244}{}% 15
\BOOKMARK [2][-]{subsection.4.1}{\376\377\122\250\147\072}{section.4}% 16
\BOOKMARK [2][-]{subsection.4.2}{\376\377\000U\000n\000i\000v\000e\000r\000s\000a\000l\000\040\000p\000r\000o\000p\000e\000r\000t\000y}{section.4}% 17
\BOOKMARK [2][-]{subsection.4.3}{\376\377\201\352\165\061\000A\000b\000e\000l\177\244}{section.4}% 18
\BOOKMARK [1][-]{section.5}{\376\377\133\120\177\244}{}% 19
\BOOKMARK [2][-]{subsection.5.1}{\376\377\133\232\116\111\000,\122\044\133\232}{section.5}% 20
\BOOKMARK [2][-]{subsection.5.2}{\376\377\150\070\116\016\120\317}{section.5}% 21
\BOOKMARK [3][-]{subsubsection.5.2.1}{\376\377\133\232\116\111}{subsection.5.2}% 22
\BOOKMARK [2][-]{subsection.5.3}{\376\377\133\120\177\244\166\204\117\213\133\120}{section.5}% 23
\BOOKMARK [1][-]{section.6}{\376\377\121\161\217\155\117\134\165\050}{}% 24
\BOOKMARK [2][-]{subsection.6.1}{\376\377\172\063\133\232\133\120\133\232\164\006}{section.6}% 25
\BOOKMARK [2][-]{subsection.6.2}{\376\377\116\055\137\303\133\120\377\014\121\161\217\155\174\173}{section.6}% 26
\BOOKMARK [2][-]{subsection.6.3}{\376\377\000C\000l\000a\000s\000s\000\040\000F\000o\000r\000m\000u\000l\000a}{section.6}% 27
\BOOKMARK [2][-]{subsection.6.4}{\376\377\133\120\226\306\124\214\133\120\177\244\166\204\121\161\217\155\174\173}{section.6}% 28
