\BOOKMARK [1][-]{section.1}{\376\377\213\376\172\013\173\200\116\313\116\016\123\302\200\003\116\146}{}% 1
\BOOKMARK [1][-]{section.2}{\376\377\136\246\221\317\172\172\225\364}{}% 2
\BOOKMARK [2][-]{subsection.2.1}{\376\377\127\372\147\054\151\202\137\365}{section.2}% 3
\BOOKMARK [2][-]{subsection.2.2}{\376\377\136\246\221\317\172\172\225\364\116\055\166\204\160\271\226\306\124\214\123\357\122\006\140\047}{section.2}% 4
\BOOKMARK [2][-]{subsection.2.3}{\376\377\215\335\171\273\172\172\225\364\166\204\133\214\131\007\140\047\116\016\123\213\177\051\146\040\120\317\123\237\164\006}{section.2}% 5
\BOOKMARK [1][-]{section.3}{\376\377\215\113\203\003\176\277\140\047\172\172\225\364}{}% 6
\BOOKMARK [2][-]{subsection.3.1}{\376\377\127\372\147\054\151\202\137\365}{section.3}% 7
\BOOKMARK [2][-]{subsection.3.2}{\376\377\000L\000p\000[\0000\000,\0001\000]\172\172\225\364}{section.3}% 8
\BOOKMARK [2][-]{subsection.3.3}{\376\377\215\113\203\003\172\172\225\364\217\333\116\000\153\145\166\204\140\047\215\050}{section.3}% 9
\BOOKMARK [2][-]{subsection.3.4}{\376\377\215\113\203\003\172\172\225\364\166\204\127\372}{section.3}% 10
\BOOKMARK [2][-]{subsection.3.5}{\376\377\116\140\230\230\213\262\211\343}{section.3}% 11
\BOOKMARK [1][-]{section.4}{\376\377\147\011\165\114\176\277\140\047\173\227\133\120}{}% 12
\BOOKMARK [2][-]{subsection.4.1}{\376\377\147\011\165\114\176\277\140\047\173\227\133\120}{section.4}% 13
\BOOKMARK [2][-]{subsection.4.2}{\376\377\000B\000a\000n\000a\000c\000h\000-\000S\000t\000e\000i\000n\000h\000a\000u\000s\133\232\164\006}{section.4}% 14
\BOOKMARK [2][-]{subsection.4.3}{\376\377\137\000\146\040\134\004\133\232\164\006\116\016\225\355\126\376\120\317\133\232\164\006}{section.4}% 15
\BOOKMARK [2][-]{subsection.4.4}{\376\377\225\355\126\376\120\317\133\232\164\006}{section.4}% 16
\BOOKMARK [1][-]{section.5}{\376\377\000H\000a\000h\000n\000-\000B\000a\000n\000a\000c\000h\133\232\164\006}{}% 17
\BOOKMARK [2][-]{subsection.5.1}{\376\377\210\150\171\072\133\232\164\006}{section.5}% 18
\BOOKMARK [1][-]{section.6}{\376\377\173\054\0001\0000\124\150}{}% 19
\BOOKMARK [2][-]{subsection.6.1}{\376\377\000T\000u\000e\000s\000d\000a\000y}{section.6}% 20
\BOOKMARK [2][-]{subsection.6.2}{\376\377\000T\000h\000u\000r\000s\000d\000a\000y}{section.6}% 21
\BOOKMARK [1][-]{section.7}{\376\377\173\054\123\101\116\000\124\150}{}% 22
\BOOKMARK [2][-]{subsection.7.1}{\376\377\000T\000u\000e\000s\000d\000a\000y}{section.7}% 23
\BOOKMARK [2][-]{subsection.7.2}{\376\377\000T\000h\000u\000r\000s\000d\000a\000y}{section.7}% 24
\BOOKMARK [1][-]{section.8}{\376\377\173\054\0001\0002\124\150}{}% 25
\BOOKMARK [2][-]{subsection.8.1}{\376\377\000T\000h\000u\000r\000s\000d\000a\000y}{section.8}% 26
\BOOKMARK [1][-]{section.9}{\376\377\173\054\0001\0003\124\150}{}% 27
\BOOKMARK [2][-]{subsection.9.1}{\376\377\000T\000u\000e\000s\000d\000a\000y}{section.9}% 28
\BOOKMARK [2][-]{subsection.9.2}{\376\377\000T\000h\000u\000r\000s\000d\000a\000y}{section.9}% 29
\BOOKMARK [1][-]{section.10}{\376\377\142\323\142\121\176\277\140\047\172\172\225\364}{}% 30
\BOOKMARK [2][-]{subsection.10.1}{\376\377\127\372\147\054\140\047\215\050}{section.10}% 31
