\BOOKMARK [1][-]{section.1}{\376\377\213\376\172\013\173\200\116\313}{}% 1
\BOOKMARK [2][-]{subsection.1.1}{\376\377\116\300\116\110\117\074\116\244\143\142\116\343\145\160\377\037}{section.1}% 2
\BOOKMARK [2][-]{subsection.1.2}{\376\377\213\376\172\013\121\205\133\271\116\016\200\003\150\070}{section.1}% 3
\BOOKMARK [2][-]{subsection.1.3}{\376\377\123\302\200\003\116\146}{section.1}% 4
\BOOKMARK [1][-]{section.2}{\376\377\131\015\116\140\116\016\126\336\230\176\377\010\116\316\165\145\377\011}{}% 5
\BOOKMARK [2][-]{subsection.2.1}{\376\377\177\244\117\134\165\050}{section.2}% 6
\BOOKMARK [2][-]{subsection.2.2}{\376\377\163\257\116\016\116\343\145\160}{section.2}% 7
\BOOKMARK [2][-]{subsection.2.3}{\376\377\131\032\230\171\137\017\163\257\116\012\166\204\177\244\117\134\165\050\124\214\116\343\145\160}{section.2}% 8
\BOOKMARK [2][-]{subsection.2.4}{\376\377\177\244\210\150\171\072\116\016\116\015\123\330\133\120\163\257}{section.2}% 9
\BOOKMARK [1][-]{section.3}{\376\377\152\041\116\016\116\343\145\160}{}% 10
\BOOKMARK [2][-]{subsection.3.1}{\376\377\152\041\116\016\116\343\145\160\166\204\133\232\116\111}{section.3}% 11
\BOOKMARK [2][-]{subsection.3.2}{\376\377\133\120\152\041\116\016\164\006\140\363}{section.3}% 12
\BOOKMARK [2][-]{subsection.3.3}{\376\377\217\150\220\123\226\110\174\173\145\271\154\325\000\050\000O\000r\000b\000i\000t\000\040\000c\000h\000e\000r\000n\000\040\000c\000l\000a\000s\000s\000\051}{section.3}% 13
\BOOKMARK [2][-]{subsection.3.4}{\376\377\000H\000i\000b\000e\000r\000t\127\372\133\232\164\006\145\271\154\325}{section.3}% 14
\BOOKMARK [1][-]{section.4}{\376\377\000N\000o\000e\000t\000h\000e\000r}{}% 15
\BOOKMARK [2][-]{subsection.4.1}{\376\377\000N\000o\000e\000t\000h\000e\000r\163\257}{section.4}% 16
\BOOKMARK [2][-]{subsection.4.2}{\376\377\000G\000r\000o\000b\000n\000e\000r\127\372\166\204\133\130\127\050\140\047\124\214\127\337\116\012\166\204\000H\000i\000l\000b\000e\000r\000t\127\372\133\232\164\006}{section.4}% 17
\BOOKMARK [1][-]{section.5}{\376\377\152\041\166\204\153\143\124\010\122\027}{}% 18
\BOOKMARK [2][-]{subsection.5.1}{\376\377\153\143\124\010\122\027\166\204\151\202\137\365}{section.5}% 19
\BOOKMARK [2][-]{subsection.5.2}{\376\377\116\015\123\330\164\006\213\272\166\204\0003\116\052\150\070\137\303\225\356\230\230}{section.5}% 20
\BOOKMARK [2][-]{subsection.5.3}{\376\377\122\006\153\041\163\257\136\224\165\050}{section.5}% 21
\BOOKMARK [2][-]{subsection.5.4}{\376\377\136\014\134\024\117\057\162\171\173\054\0001\0004\225\356\230\230\166\204\211\343\121\263}{section.5}% 22
\BOOKMARK [1][-]{section.6}{\376\377\000H\000i\000l\000b\000e\000r\000t\000\040\000S\000y\000z\000y\000g\000y\000\040\133\232\164\006\123\312\121\166\136\224\165\050}{}% 23
\BOOKMARK [2][-]{subsection.6.1}{\376\377\000H\000i\000l\000b\000e\000r\000t\000\040\000S\000y\000z\000y\000g\000y\133\232\164\006\124\214\146\364\131\032\166\204\000G\000r\000o\000b\000n\000e\000r\127\372}{section.6}% 24
\BOOKMARK [2][-]{subsection.6.2}{\376\377\000S\000y\000z\000y\000g\000y\133\232\164\006\166\204\213\301\146\016}{section.6}% 25
\BOOKMARK [2][-]{subsection.6.3}{\376\377\000S\000y\000z\000y\000g\000y\133\232\164\006\166\204\136\224\165\050}{section.6}% 26
\BOOKMARK [2][-]{subsection.6.4}{\376\377\000P\000o\000i\000n\000c\000a\000r\000e\176\247\145\160}{section.6}% 27
\BOOKMARK [1][-]{section.7}{\376\377\163\257\142\151\137\040\124\214\000N\000o\000e\000t\000h\000e\000r\153\143\211\304\123\026\133\232\164\006}{}% 28
\BOOKMARK [2][-]{subsection.7.1}{\376\377\145\164\121\103\124\214\145\164\142\151\137\040}{section.7}% 29
\BOOKMARK [2][-]{subsection.7.2}{\376\377\000N\000o\000e\000t\000h\000e\000r\116\044\131\047\133\232\164\006}{section.7}% 30
\BOOKMARK [2][-]{subsection.7.3}{\376\377\145\164\142\151\137\040\124\214\131\107\160\271\226\066\145\160}{section.7}% 31
\BOOKMARK [1][-]{section.8}{\376\377\000H\000i\000l\000b\000e\000r\000t\226\366\160\271\133\232\164\006\000\050\000N\000u\000l\000l\000\040\000S\000t\000e\000l\000l\000e\000n\000\040\000S\000a\000t\000z\000\051}{}% 32
\BOOKMARK [2][-]{subsection.8.1}{\376\377\226\366\160\271\133\232\164\006\166\204\123\331\217\360}{section.8}% 33
\BOOKMARK [2][-]{subsection.8.2}{\376\377\150\071\164\006\140\363\124\214\000N\000o\000e\000t\000h\000e\000r\163\257}{section.8}% 34
\BOOKMARK [2][-]{subsection.8.3}{\376\377\226\366\160\271\133\232\164\006\166\204\213\301\146\016}{section.8}% 35
\BOOKMARK [1][-]{section.9}{\376\377\163\257\166\204\134\100\220\350\123\026}{}% 36
\BOOKMARK [2][-]{subsection.9.1}{\376\377\116\000\202\054\164\006\213\272}{section.9}% 37
\BOOKMARK [2][-]{subsection.9.2}{\376\377\000N\000o\000e\000t\000h\000e\000r\163\257\166\204\134\100\220\350\123\026}{section.9}% 38
\BOOKMARK [1][-]{section.10}{\376\377\000A\000r\000t\000i\000n\163\257\124\214\000A\000r\000t\000i\000n\152\041}{}% 39
\BOOKMARK [1][-]{section.11}{\376\377\000Z\000a\000r\000i\000s\000k\000i\142\323\142\121}{}% 40
\BOOKMARK [2][-]{subsection.11.1}{\376\377\116\377\134\004\172\172\225\364\000k\000n\116\012\166\204\000Z\000a\000r\000i\000s\000k\000i\142\323\142\121}{section.11}% 41
\BOOKMARK [2][-]{subsection.11.2}{\376\377\175\040\214\061\116\012\166\204\000Z\000a\000r\000i\000s\000k\000i\142\323\142\121}{section.11}% 42
\BOOKMARK [2][-]{subsection.11.3}{\376\377\000Z\000a\000r\000i\000s\000k\000i\142\323\142\121\166\204\146\156\220\115\140\047}{section.11}% 43
\BOOKMARK [1][-]{section.12}{\376\377\176\364\145\160\164\006\213\272}{}% 44
\BOOKMARK [2][-]{subsection.12.1}{\376\377\163\257\116\012\176\364\145\160\166\204\133\232\116\111\000:\000K\000r\000u\000l\000l\176\364\145\160}{section.12}% 45
\BOOKMARK [2][-]{subsection.12.2}{\376\377\123\302\145\160\174\373\124\214\147\011\226\120\165\037\142\020\116\343\145\160\176\364\145\160}{section.12}% 46
\BOOKMARK [2][-]{subsection.12.3}{\376\377\116\015\123\330\164\006\213\272\116\055\166\204\123\302\145\160\174\373}{section.12}% 47
