\BOOKMARK [0][-]{chapter.1}{\376\377\224\376\131\015\137\142}{}% 1
\BOOKMARK [1][-]{section.1.1}{\376\377\000R\000-\000M\000o\000d\116\012\166\204\224\376\131\015\137\142}{chapter.1}% 2
\BOOKMARK [1][-]{section.1.2}{\376\377\224\376\131\015\137\142\166\204\217\320\173\227}{chapter.1}% 3
\BOOKMARK [1][-]{section.1.3}{\376\377\225\177\153\143\124\010\122\027}{chapter.1}% 4
\BOOKMARK [1][-]{section.1.4}{\376\377\224\376\124\014\117\046}{chapter.1}% 5
\BOOKMARK [1][-]{section.1.5}{\376\377\146\040\134\004\225\045\124\214\146\040\134\004\147\361}{chapter.1}% 6
\BOOKMARK [1][-]{section.1.6}{\376\377\000A\000b\000e\000l\203\003\165\164\142\323\134\125}{chapter.1}% 7
\BOOKMARK [0][-]{chapter.2}{\376\377\133\374\121\372\121\375\133\120}{}% 8
\BOOKMARK [1][-]{section.2.1}{\376\377\121\375\133\120}{chapter.2}% 9
\BOOKMARK [1][-]{section.2.2}{\376\377\142\225\134\004\211\343\155\210}{chapter.2}% 10
\BOOKMARK [1][-]{section.2.3}{\376\377\121\205\134\004\211\343\155\210}{chapter.2}% 11
\BOOKMARK [1][-]{section.2.4}{\376\377\135\346\133\374\121\372\116\016\123\363\133\374\121\372\121\375\133\120}{chapter.2}% 12
\BOOKMARK [2][-]{subsection.2.4.1}{\376\377\135\346\133\374\121\372\121\375\133\120}{section.2.4}% 13
\BOOKMARK [2][-]{subsection.2.4.2}{\376\377\123\363\133\374\121\372\121\375\133\120}{section.2.4}% 14
\BOOKMARK [1][-]{section.2.5}{\376\377\117\064\226\217\121\375\133\120\124\214\135\346\123\363\153\143\124\010\140\047}{chapter.2}% 15
\BOOKMARK [1][-]{section.2.6}{\376\377\136\163\210\141\140\047}{chapter.2}% 16
\BOOKMARK [2][-]{subsection.2.6.1}{\376\377\123\315\123\330\121\375\133\120\166\204\133\374\121\372\121\375\133\120}{section.2.6}% 17
\BOOKMARK [2][-]{subsection.2.6.2}{\376\377\136\163\210\141\140\047}{section.2.6}% 18
\BOOKMARK [2][-]{subsection.2.6.3}{\376\377\000T\000o\000r\121\375\133\120\166\204\131\026\171\357}{section.2.6}% 19
\BOOKMARK [0][-]{chapter.3}{\376\377\000T\000o\000r\121\375\133\120\124\214\000E\000x\000t\121\375\133\120}{}% 20
\BOOKMARK [1][-]{section.3.1}{\376\377\000A\000b\000e\000l\177\244\166\204\000T\000o\000r\121\375\133\120}{chapter.3}% 21
\BOOKMARK [1][-]{section.3.2}{\376\377\000T\000o\000r\121\375\133\120\116\016\136\163\127\146\140\047}{chapter.3}% 22
\BOOKMARK [1][-]{section.3.3}{\376\377\140\047\215\050\217\203\131\175\166\204\163\257\166\204\000E\000x\000t\121\375\133\120}{chapter.3}% 23
\BOOKMARK [1][-]{section.3.4}{\376\377\000E\000x\000t\121\375\133\120\116\016\142\151\137\040}{chapter.3}% 24
\BOOKMARK [1][-]{section.3.5}{\376\377\220\006\124\021\147\201\226\120\166\204\133\374\121\372\121\375\133\120}{chapter.3}% 25
\BOOKMARK [1][-]{section.3.6}{\376\377\154\333\174\373\145\160\133\232\164\006}{chapter.3}% 26
\BOOKMARK [0][-]{chapter.4}{\376\377\124\014\214\003\176\364\145\160}{}% 27
\BOOKMARK [0][-]{chapter.5}{\376\377\214\061\136\217\122\027}{}% 28
\BOOKMARK [0][-]{chapter.6}{\376\377\177\244\124\014\214\003\124\214\116\012\124\014\214\003}{}% 29
\BOOKMARK [0][-]{chapter.7}{\376\377\147\116\116\343\145\160\124\014\214\003\124\214\116\012\124\014\214\003}{}% 30
