\BOOKMARK [-1][]{part.1}{\376\377\173\054\116\000\220\350\122\006\000\040\236\316\146\374\121\340\117\125}{}% 1
\BOOKMARK [0][]{chapter.1}{\376\377\173\054\116\000\172\340\000\040\236\316\146\374\155\101\137\142\116\016\137\040\221\317\127\372\170\100\144\315\117\134}{part.1}% 2
\BOOKMARK [1][]{section.1.1}{\376\377\0001\000.\0001\000\040\236\316\146\374\155\101\137\142\133\232\116\111}{chapter.1}% 3
\BOOKMARK [1][]{section.1.2}{\376\377\0001\000.\0002\000\040\117\123\171\357\137\142\137\017}{chapter.1}% 4
\BOOKMARK [1][]{section.1.3}{\376\377\0001\000.\0003\000\040\177\244\116\016\236\316\146\374\155\101\137\142}{chapter.1}% 5
\BOOKMARK [1][]{section.1.4}{\376\377\0001\000.\0004\000\040\137\040\221\317\173\200\116\313}{chapter.1}% 6
\BOOKMARK [0][]{chapter.2}{\376\377\173\054\116\214\172\340\000\040\137\256\122\006}{part.1}% 7
\BOOKMARK [1][]{section.2.1}{\376\377\0002\000.\0001\000\040\000L\000i\000e\137\256\122\006}{chapter.2}% 8
\BOOKMARK [2][]{subsection.2.1.1}{\376\377\0002\000.\0001\000.\0001\000\040\000L\000i\000e\137\256\122\006\166\204\133\232\116\111}{section.2.1}% 9
\BOOKMARK [2][]{subsection.2.1.2}{\376\377\0002\000.\0001\000.\0002\000\040\147\116\133\374\145\160\116\016\136\246\221\317}{section.2.1}% 10
\BOOKMARK [1][]{section.2.2}{\376\377\0002\000.\0002\000\040\200\124\176\334}{chapter.2}% 11
\BOOKMARK [1][]{section.2.3}{\376\377\0002\000.\0003\000\040\236\316\146\374\155\101\137\142\127\372\147\054\133\232\164\006}{chapter.2}% 12
\BOOKMARK [1][]{section.2.4}{\376\377\0002\000.\0004\000\040\136\163\210\114\171\373\122\250}{chapter.2}% 13
\BOOKMARK [0][]{chapter.3}{\376\377\173\054\116\011\172\340\000\040\146\362\163\207}{part.1}% 14
\BOOKMARK [0][]{chapter.4}{\376\377\173\054\126\333\172\340\000\040\155\113\127\060\176\277}{part.1}% 15
\BOOKMARK [1][]{section.4.1}{\376\377\0004\000.\0001\000\040\143\007\145\160\146\040\134\004}{chapter.4}% 16
\BOOKMARK [1][]{section.4.2}{\376\377\0004\000.\0002\000\040\133\214\131\007\140\047\000:\136\246\221\317\133\214\131\007\116\016\155\113\127\060\176\277\133\214\131\007}{chapter.4}% 17
\BOOKMARK [1][]{section.4.3}{\376\377\0004\000.\0003\000\040}{chapter.4}% 18
\BOOKMARK [1][]{section.4.4}{\376\377\0004\000.\0004\000\040\000J\000a\000c\000o\000b\000b\000i\127\072}{chapter.4}% 19
\BOOKMARK [1][]{section.4.5}{\376\377\0004\000.\0005\000\040\136\070\146\362\163\207\172\172\225\364\000J\000a\000c\000o\000b\000i\127\072\145\271\172\013\166\204\211\343}{chapter.4}% 20
\BOOKMARK [1][]{section.4.6}{\376\377\0004\000.\0006\000\040\116\214\153\041\123\330\122\006\121\154\137\017\123\312\121\166\136\224\165\050}{chapter.4}% 21
\BOOKMARK [2][]{subsection.4.6.1}{\376\377\0004\000.\0006\000.\0001\000\040\173\054\116\214\123\330\122\006\121\154\137\017\166\204\143\250\133\374}{section.4.6}% 22
\BOOKMARK [2][]{subsection.4.6.2}{\376\377\0004\000.\0006\000.\0002\000\040\136\224\165\050}{section.4.6}% 23
\BOOKMARK [0][]{chapter.5}{\376\377\173\054\116\224\172\340\000\040\153\324\217\203\133\232\164\006}{part.1}% 24
\BOOKMARK [1][]{section.5.1}{\376\377\0005\000.\0001\000\040\000R\000a\000u\000c\000h\153\324\217\203\133\232\164\006}{chapter.5}% 25
\BOOKMARK [1][]{section.5.2}{\376\377\0005\000.\0002\000\040\000H\000e\000s\000s\000i\000a\000n\153\324\217\203\133\232\164\006}{chapter.5}% 26
\BOOKMARK [1][]{section.5.3}{\376\377\0005\000.\0003\000\040\000L\000a\000p\000l\000a\000c\000i\000a\000n\153\324\217\203\133\232\164\006}{chapter.5}% 27
\BOOKMARK [1][]{section.5.4}{\376\377\0005\000.\0004\000\040\117\123\171\357\153\324\217\203\133\232\164\006}{chapter.5}% 28
\BOOKMARK [0][]{chapter.6}{\376\377\173\054\121\155\172\340\000\040\000H\000o\000d\000g\000e\164\006\213\272\173\200\116\313}{part.1}% 29
\BOOKMARK [1][]{section.6.1}{\376\377\0006\000.\0001\000\040\155\101\137\142\116\012\124\014\214\003}{chapter.6}% 30
\BOOKMARK [1][]{section.6.2}{\376\377\0006\000.\0002\000\040\000H\000o\000d\000g\000e\133\232\164\006\136\224\165\050}{chapter.6}% 31
\BOOKMARK [2][]{subsection.6.2.1}{\376\377\0006\000.\0002\000.\0001\000\040\214\003\124\214\137\142\137\017}{section.6.2}% 32
\BOOKMARK [2][]{subsection.6.2.2}{\376\377\0006\000.\0002\000.\0002\000\040\236\316\146\374\155\101\137\142\116\012\166\204\124\021\221\317\122\006\147\220\377\010\127\072\213\272\377\011}{section.6.2}% 33
\BOOKMARK [1][]{section.6.3}{\376\377\0006\000.\0003\000\040\000B\000o\000c\000h\000n\000e\000r\142\200\135\347}{chapter.6}% 34
\BOOKMARK [2][]{subsection.6.3.1}{\376\377\0006\000.\0003\000.\0001\000\040\173\054\116\000\162\171\137\201\120\074\117\060\213\241}{section.6.3}% 35
\BOOKMARK [2][]{subsection.6.3.2}{\376\377\0006\000.\0003\000.\0002\000\040\000B\000o\000c\000h\000n\000e\000r\000\040\000V\000a\000n\000i\000s\000h}{section.6.3}% 36
\BOOKMARK [-1][]{part.2}{\376\377\173\054\116\214\220\350\122\006\000\040\147\116\177\244}{}% 37
\BOOKMARK [0][]{chapter.7}{\376\377\173\054\116\003\172\340\000\040\0002\0000\0002\0003\000.\0000\0002\000.\0001\0006}{part.2}% 38
\BOOKMARK [1][]{section.7.1}{\376\377\0007\000.\0001\000\040\116\000\116\233\133\232\116\111}{chapter.7}% 39
\BOOKMARK [1][]{section.7.2}{\376\377\0007\000.\0002\000\040\147\116\177\244\116\016\167\351\226\065\147\116\177\244}{chapter.7}% 40
\BOOKMARK [1][]{section.7.3}{\376\377\0007\000.\0003\000\040\164\003\227\142\116\012\166\204\147\116\177\244\176\323\147\204}{chapter.7}% 41
\BOOKMARK [0][]{chapter.8}{\376\377\173\054\121\153\172\340\000\040\0002\0000\0002\0003\000.\0000\0002\000.\0002\0003}{part.2}% 42
\BOOKMARK [1][]{section.8.1}{\376\377\0008\000.\0001\000\040\147\116\177\244\166\204\134\100\220\350\140\047\215\050}{chapter.8}% 43
\BOOKMARK [2][]{subsection.8.1.1}{\376\377\0008\000.\0001\000.\0001\000\040\123\125\117\115\121\103\220\273\127\337\165\037\142\020\217\336\220\032\133\120\177\244}{section.8.1}% 44
\BOOKMARK [2][]{subsection.8.1.2}{\376\377\0008\000.\0001\000.\0002\000\040\123\125\117\115\121\103\166\204\122\007\172\172\225\364\121\167\147\011\000L\000i\000e\116\343\145\160\176\323\147\204}{section.8.1}% 45
\BOOKMARK [2][]{subsection.8.1.3}{\376\377\0008\000.\0001\000.\0003\000\040\000H\000a\000l\000l\000-\000W\000i\000l\000t\140\122\173\111\137\017}{section.8.1}% 46
\BOOKMARK [1][]{section.8.2}{\376\377\0008\000.\0002\000\040\147\116\177\244\116\016\147\116\116\343\145\160\166\204\121\163\174\373\040\024\040\024\143\007\145\160\146\040\134\004}{chapter.8}% 47
\BOOKMARK [1][]{section.8.3}{\376\377\0008\000.\0003\000\040\167\351\226\065\147\116\177\244\166\204\140\047\215\050\116\016\147\116\116\343\145\160}{chapter.8}% 48
\BOOKMARK [0][]{chapter.9}{\376\377\173\054\116\135\172\340\000\040\0002\0000\0002\0003\000.\0000\0003\000.\0000\0002}{part.2}% 49
\BOOKMARK [1][]{section.9.1}{\376\377\0009\000.\0001\000\040\147\116\177\244\166\204\143\007\145\160\146\040\134\004}{chapter.9}% 50
\BOOKMARK [1][]{section.9.2}{\376\377\0009\000.\0002\000\040\143\007\145\160\146\040\134\004\166\204\140\047\215\050}{chapter.9}% 51
\BOOKMARK [0][]{chapter.10}{\376\377\173\054\123\101\172\340\000\040\0002\0000\0002\0003\000.\0000\0003\000.\0000\0009}{part.2}% 52
\BOOKMARK [1][]{section.10.1}{\376\377\0001\0000\000.\0001\000\040\225\355\133\120\177\244\133\232\164\006\136\224\165\050}{chapter.10}% 53
\BOOKMARK [1][]{section.10.2}{\376\377\0001\0000\000.\0002\000\040\147\116\177\244\124\014\140\001\124\214\147\116\116\343\145\160\124\014\140\001}{chapter.10}% 54
\BOOKMARK [1][]{section.10.3}{\376\377\0001\0000\000.\0003\000\040\147\116\133\120\177\244\116\016\147\116\133\120\116\343\145\160}{chapter.10}% 55
\BOOKMARK [1][]{section.10.4}{\376\377\0001\0000\000.\0004\000\040\147\116\166\204\127\372\147\054\133\232\164\006}{chapter.10}% 56
\BOOKMARK [0][]{chapter.11}{\376\377\173\054\123\101\116\000\172\340\000\040\0002\0000\0002\0003\000.\0000\0003\000.\0001\0006}{part.2}% 57
\BOOKMARK [1][]{section.11.1}{\376\377\0001\0001\000.\0001\000\040\211\206\166\326\177\244\123\312\121\166\136\224\165\050}{chapter.11}% 58
\BOOKMARK [0][]{chapter.12}{\376\377\173\054\123\101\116\214\172\340\000\040\0002\0000\0002\0003\000.\0000\0003\000.\0002\0003}{part.2}% 59
\BOOKMARK [1][]{section.12.1}{\376\377\0001\0002\000.\0001\000\040\147\116\177\244\166\204\127\372\147\054\177\244\154\102\154\325}{chapter.12}% 60
\BOOKMARK [1][]{section.12.2}{\376\377\0001\0002\000.\0002\000\040\147\116\116\343\145\160\166\204\131\015\123\026\124\214\133\236\137\142\137\017}{chapter.12}% 61
\BOOKMARK [1][]{section.12.3}{\376\377\0001\0002\000.\0003\000\040\131\015\155\101\137\142}{chapter.12}% 62
\BOOKMARK [1][]{section.12.4}{\376\377\0001\0002\000.\0004\000\040\154\333\123\005\176\334\116\343\145\160}{chapter.12}% 63
\BOOKMARK [0][]{chapter.13}{\376\377\173\054\123\101\116\011\172\340\000\040\0002\0000\0002\0003\000.\0003\000.\0003\0000}{part.2}% 64
\BOOKMARK [1][]{section.13.1}{\376\377\0001\0003\000.\0001\000\040\000U\000\050\000g\000\051}{chapter.13}% 65
\BOOKMARK [1][]{section.13.2}{\376\377\0001\0003\000.\0002\000\040\116\343\145\160\177\244\124\214\147\116\177\244}{chapter.13}% 66
\BOOKMARK [1][]{section.13.3}{\376\377\0001\0003\000.\0003\000\040\147\116\177\244\147\116\116\343\145\160\166\204\210\150\171\072}{chapter.13}% 67
\BOOKMARK [0][]{chapter.14}{\376\377\173\054\123\101\126\333\172\340\000\040\0002\0000\0002\0003\000.\0000\0004\000.\0000\0006}{part.2}% 68
\BOOKMARK [1][]{subsection.14.0.1}{\376\377\0001\0004\000.\0000\000.\0001\000\040\147\116\116\343\145\160\166\204\210\150\171\072\124\214\147\116\116\343\145\160\152\041}{chapter.14}% 69
\BOOKMARK [0][]{chapter.15}{\376\377\173\054\123\101\116\224\172\340\000\040\0002\0000\0002\0003\000.\0000\0004\000.\0001\0003}{part.2}% 70
\BOOKMARK [1][]{subsection.15.0.1}{\376\377\0001\0005\000.\0000\000.\0001\000\040\116\015\123\330\121\205\171\357\166\204\133\130\127\050\140\047}{chapter.15}% 71
\BOOKMARK [2][]{subsection.15.0.2}{\376\377\0001\0005\000.\0000\000.\0002\000\040\116\000\116\052\117\213\133\120\000:\000S\000U\000\050\0002\000\051}{subsection.15.0.1}% 72
\BOOKMARK [0][]{chapter.16}{\376\377\173\054\123\101\121\155\172\340\000\040\0002\0000\0002\0003\000.\0000\0004\000.\0002\0000}{part.2}% 73
\BOOKMARK [0][]{chapter.17}{\376\377\173\054\123\101\116\003\172\340\000\040\147\116\177\244\166\204\210\150\171\072}{part.2}% 74
\BOOKMARK [1][]{section.17.1}{\376\377\0001\0007\000.\0001\000\040\000S\000c\000h\000u\000r\153\143\116\244\123\026\133\232\164\006}{chapter.17}% 75
\BOOKMARK [1][]{section.17.2}{\376\377\0001\0007\000.\0002\000\040\175\047\147\116\177\244\166\204\122\006\174\173}{chapter.17}% 76
\BOOKMARK [-1][]{part.3}{\376\377\173\054\116\011\220\350\122\006\000\040\236\316\146\374\146\362\227\142\116\016\131\015\121\340\117\125}{}% 77
\BOOKMARK [0][]{chapter.18}{\376\377\173\054\123\101\121\153\172\340\000\040\236\316\146\374\146\362\227\142}{part.3}% 78
\BOOKMARK [1][]{section.18.1}{\376\377\0001\0008\000.\0001\000\040\236\316\146\374\146\362\227\142\166\204\133\232\116\111\000:\116\316\211\343\147\220\136\366\142\323\213\262\215\167}{chapter.18}% 79
\BOOKMARK [2][]{subsection.18.1.1}{\376\377\0001\0008\000.\0001\000.\0001\000\040\211\343\147\220\137\000\142\323}{section.18.1}% 80
\BOOKMARK [2][]{subsection.18.1.2}{\376\377\0001\0008\000.\0001\000.\0002\000\040\236\316\146\374\146\362\227\142}{section.18.1}% 81
\BOOKMARK [1][]{section.18.2}{\376\377\0001\0008\000.\0002\000\040\131\015\122\006\147\220\126\336\230\176}{chapter.18}% 82
\BOOKMARK [1][]{section.18.3}{\376\377\0001\0008\000.\0003\000\040\236\316\146\374\146\362\227\142\166\204\146\364\131\032\117\213\133\120}{chapter.18}% 83
\BOOKMARK [1][]{section.18.4}{\376\377\0001\0008\000.\0004\000\040\122\007\124\021\221\317\116\016\121\150\176\257\122\007\116\033}{chapter.18}% 84
\BOOKMARK [0][]{chapter.19}{\376\377\173\054\123\101\116\135\172\340\000\040\124\021\221\317\116\033\116\016\116\012\124\014\214\003}{part.3}% 85
\BOOKMARK [1][]{section.19.1}{\376\377\0001\0009\000.\0001\000\040\124\021\221\317\116\033}{chapter.19}% 86
\BOOKMARK [1][]{section.19.2}{\376\377\0001\0009\000.\0002\000\040\000d\000e\000\040\000R\000h\000a\000m\116\012\124\014\214\003\124\214\000D\000o\000l\000b\000o\000u\000l\000t\116\012\124\014\214\003}{chapter.19}% 87
\BOOKMARK [1][]{section.19.3}{\376\377\0001\0009\000.\0003\000\040\226\144\133\120\116\016\176\277\116\033}{chapter.19}% 88
\BOOKMARK [1][]{section.19.4}{\376\377\0001\0009\000.\0004\000\040\134\102}{chapter.19}% 89
\BOOKMARK [0][]{chapter.20}{\376\377\173\054\116\214\123\101\172\340\000\040\116\316\000R\000i\000e\000m\000a\000n\000n\000-\000R\000o\000c\000h\133\232\164\006\214\010\215\167}{part.3}% 90
\BOOKMARK [1][]{section.20.1}{\376\377\0002\0000\000.\0001\000\040\000R\000i\000e\000m\000a\000n\000n\000-\000R\000o\000c\000h\133\232\164\006\166\204\123\331\217\360\116\016\122\035\153\145\213\301\146\016\000\050\134\032\116\015\133\214\145\164\000\051}{chapter.20}% 91
\BOOKMARK [1][]{section.20.2}{\376\377\0002\0000\000.\0002\000\040\000L\000a\000p\000l\000a\000c\000e\173\227\133\120\116\016\000P\000o\000i\000s\000s\000o\000n\145\271\172\013}{chapter.20}% 92
\BOOKMARK [1][]{section.20.3}{\376\377\0002\0000\000.\0003\000\040\000B\000r\000a\000n\000c\000h\000e\000d\000\040\000C\000o\000v\000e\000r\000i\000n\000g\000\040\000M\000a\000p}{chapter.20}% 93
\BOOKMARK [1][]{section.20.4}{\376\377\0002\0000\000.\0004\000\040\000R\000i\000e\000m\000a\000n\000n\000-\000H\000u\000r\000w\000i\000t\000z\121\154\137\017}{chapter.20}% 94
\BOOKMARK [1][]{section.20.5}{\376\377\0002\0000\000.\0005\000\040\134\004\137\161\135\114\121\145\133\232\164\006}{chapter.20}% 95
\BOOKMARK [1][]{section.20.6}{\376\377\0002\0000\000.\0006\000\040\211\343\145\271\172\013\000-\0001\000u\000=\000.}{chapter.20}% 96
\BOOKMARK [1][]{section.20.7}{\376\377\0002\0000\000.\0007\000\040\123\125\120\074\123\026\133\232\164\006}{chapter.20}% 97
\BOOKMARK [0][]{chapter.21}{\376\377\173\054\116\214\123\101\116\000\172\340\000\040\000C\000o\000m\000p\000l\000e\000x\000\040\000M\000a\000n\000i\000f\000o\000l\000d}{part.3}% 98
\BOOKMARK [0][]{chapter.22}{\376\377\173\054\116\214\123\101\116\214\172\340\000\040\000K\000\344\000h\000l\000e\000r\000\040\000M\000a\000n\000i\000f\000o\000l\000d}{part.3}% 99
\BOOKMARK [1][]{section.22.1}{\376\377\0002\0002\000.\0001\000\040\000D\000i\000f\000i\000n\000i\000t\000i\000o\000n\000\040\000a\000n\000d\000\040\000K\000\344\000h\000l\000e\000r\000\040\000I\000d\000e\000n\000t\000i\000t\000y}{chapter.22}% 100
\BOOKMARK [0][]{chapter.23}{\376\377\173\054\116\214\123\101\116\011\172\340\000\040\000V\000e\000c\000t\000o\000r\000\040\000B\000u\000n\000d\000l\000e\000s}{part.3}% 101
\BOOKMARK [0][]{chapter.24}{\376\377\173\054\116\214\123\101\126\333\172\340\000\040\000A\000p\000p\000l\000i\000c\000a\000t\000i\000o\000n\000s\000\040\000o\000f\000\040\000C\000o\000h\000o\000m\000o\000l\000o\000g\000y}{part.3}% 102
\BOOKMARK [-1][]{part.4}{\376\377\173\054\126\333\220\350\122\006\000\040\000M\000o\000r\000s\000e\164\006\213\272}{}% 103
\BOOKMARK [0][]{chapter.25}{\376\377\173\054\116\214\123\101\116\224\172\340\000\040\155\101\137\142\116\012\166\204\227\136\220\000\123\026\121\111\156\321\121\375\145\160}{part.4}% 104
\BOOKMARK [1][]{section.25.1}{\376\377\0002\0005\000.\0001\000\040\000M\000o\000r\000s\000e\121\375\145\160}{chapter.25}% 105
\BOOKMARK [1][]{section.25.2}{\376\377\0002\0005\000.\0002\000\040\116\064\165\114\120\074\131\004\166\204\117\046\137\142}{chapter.25}% 106
\BOOKMARK [1][]{section.25.3}{\376\377\0002\0005\000.\0003\000\040\000M\000o\000r\000s\000e\116\015\173\111\137\017}{chapter.25}% 107
\BOOKMARK [0][]{chapter.26}{\376\377\173\054\116\214\123\101\121\155\172\340\000\040\000M\000o\000r\000s\000e\164\006\213\272\166\204\136\224\165\050\040\024\040\024\155\113\127\060\176\277\123\330\122\006}{part.4}% 108
\BOOKMARK [1][]{section.26.1}{\376\377\0002\0006\000.\0001\000\040\220\123\215\357\166\204\200\375\221\317\171\357\122\006}{chapter.26}% 109
\BOOKMARK [1][]{section.26.2}{\376\377\0002\0006\000.\0002\000\040\143\007\150\007\133\232\164\006}{chapter.26}% 110
\BOOKMARK [1][]{section.26.3}{\376\377\0002\0006\000.\0003\000\040\220\123\215\357\172\172\225\364\166\204\117\046\127\213}{chapter.26}% 111
\BOOKMARK [0][]{chapter.27}{\376\377\173\054\116\214\123\101\116\003\172\340\000\040\000M\000o\000r\000s\000e\116\015\173\111\137\017\166\204\211\343\147\220\213\301\146\016}{part.4}% 112
\BOOKMARK [1][]{section.27.1}{\376\377\0002\0007\000.\0001\000\040\000W\000i\000t\000t\000e\000n\137\142\123\330\116\016\000H\000o\000d\000g\000e\133\232\164\006}{chapter.27}% 113
\BOOKMARK [2][]{subsection.27.1.1}{\376\377\0002\0007\000.\0001\000.\0001\000\040\000W\000i\000t\000t\000e\000n\137\142\123\330}{section.27.1}% 114
\BOOKMARK [2][]{subsection.27.1.2}{\376\377\0002\0007\000.\0001\000.\0002\000\040\000H\000o\000d\000g\000e\133\232\164\006}{section.27.1}% 115
\BOOKMARK [1][]{section.27.2}{\376\377\0002\0007\000.\0002\000\040\173\227\133\120\127\050\116\064\165\114\160\271\166\204\122\006\147\220}{chapter.27}% 116
\BOOKMARK [1][]{section.27.3}{\376\377\0002\0007\000.\0003\000\040\000M\000o\000r\000s\000e\116\015\173\111\137\017\166\204\213\301\146\016}{chapter.27}% 117
\BOOKMARK [2][]{subsection.27.3.1}{\376\377\0002\0007\000.\0003\000.\0001\000\040\116\000\116\052\124\175\230\230}{section.27.3}% 118
\BOOKMARK [2][]{subsection.27.3.2}{\376\377\0002\0007\000.\0003\000.\0002\000\040\000W\000i\000t\000t\000e\000n\137\142\123\330\173\227\133\120}{section.27.3}% 119
\BOOKMARK [2][]{subsection.27.3.3}{\376\377\0002\0007\000.\0003\000.\0003\000\040\000D\000T\000f\124\214\000T\000f\166\204\162\171\137\201\120\074\124\214\162\171\137\201\172\172\225\364}{section.27.3}% 120
\BOOKMARK [2][]{subsection.27.3.4}{\376\377\0002\0007\000.\0003\000.\0004\000\040\124\175\230\230\166\204\213\301\146\016}{section.27.3}% 121
\BOOKMARK [-1][]{part.5}{\376\377\173\054\116\224\220\350\122\006\000\040\123\344\121\170\116\343\145\160\142\323\142\121\164\006\213\272}{}% 122
\BOOKMARK [0][]{chapter.28}{\376\377\173\054\116\214\123\101\121\153\172\340\000\040\127\372\147\054\177\244}{part.5}% 123
\BOOKMARK [0][]{chapter.29}{\376\377\173\054\116\214\123\101\116\135\172\340\000\040\000V\000K\133\232\164\006}{part.5}% 124
\BOOKMARK [1][]{section.29.1}{\376\377\0002\0009\000.\0001\000\040\136\177\177\244\000\050\177\244\200\332\000\051\000:\000G\000r\000o\000u\000p\000o\000i\000d}{chapter.29}% 125
\BOOKMARK [1][]{section.29.2}{\376\377\0002\0009\000.\0002\000\040\000V\000K\133\232\164\006\166\204\121\205\133\271}{chapter.29}% 126
\BOOKMARK [1][]{section.29.3}{\376\377\0002\0009\000.\0003\000\040\000V\000K\133\232\164\006\000\040\177\244\162\110\147\054\166\204\213\301\146\016}{chapter.29}% 127
\BOOKMARK [0][]{chapter.30}{\376\377\173\054\116\011\123\101\172\340\000\040\211\206\123\340\172\172\225\364}{part.5}% 128
\BOOKMARK [1][]{section.30.1}{\376\377\0003\0000\000.\0001\000\040\211\206\123\340\172\172\225\364\166\204\133\232\116\111}{chapter.30}% 129
\BOOKMARK [1][]{section.30.2}{\376\377\0003\0000\000.\0002\000\040\220\123\215\357\143\320\123\107\125\057\116\000\133\232\164\006}{chapter.30}% 130
\BOOKMARK [1][]{section.30.3}{\376\377\0003\0000\000.\0003\000\040\136\177\177\244\166\204\211\206\123\340}{chapter.30}% 131
\BOOKMARK [1][]{section.30.4}{\376\377\0003\0000\000.\0004\000\040\177\244\117\134\165\050\124\214\217\150\220\123\203\003\165\164}{chapter.30}% 132
\BOOKMARK [1][]{section.30.5}{\376\377\0003\0000\000.\0005\000\040\136\177\177\244\211\206\123\340\166\204\122\006\174\173\133\232\164\006}{chapter.30}% 133
\BOOKMARK [1][]{section.30.6}{\376\377\0003\0000\000.\0006\000\040\136\177\177\244\211\206\123\340\166\204\147\204\220\040}{chapter.30}% 134
\BOOKMARK [1][]{section.30.7}{\376\377\0003\0000\000.\0007\000\040\211\206\123\340\172\172\225\364\166\204\122\006\174\173\133\232\164\006}{chapter.30}% 135
\BOOKMARK [1][]{section.30.8}{\376\377\0003\0000\000.\0008\000\040\211\206\123\340\172\172\225\364\166\204\147\204\220\040}{chapter.30}% 136
\BOOKMARK [0][]{chapter.31}{\376\377\173\054\116\011\123\101\116\000\172\340\000\040\175\047\201\364\165\037\142\020\172\172\225\364\040\024\040\024\000C\000G\000W\000H\172\172\225\364}{part.5}% 137
\BOOKMARK [1][]{section.31.1}{\376\377\0003\0001\000.\0001\000\040\175\047\201\364\165\037\142\020\172\172\225\364\166\204\133\232\116\111}{chapter.31}% 138
\BOOKMARK [1][]{section.31.2}{\376\377\0003\0001\000.\0002\000\040\175\047\201\364\165\037\142\020\172\172\225\364\203\003\165\164}{chapter.31}% 139
\BOOKMARK [0][]{chapter.32}{\376\377\173\054\116\011\123\101\116\214\172\340\000\040\116\012\176\244\176\364}{part.5}% 140
\BOOKMARK [1][]{section.32.1}{\376\377\0003\0002\000.\0001\000\040\116\012\176\244\176\364\166\204\133\232\116\111}{chapter.32}% 141
\BOOKMARK [1][]{section.32.2}{\376\377\0003\0002\000.\0002\000\040\146\040\134\004\147\361}{chapter.32}% 142
\BOOKMARK [1][]{section.32.3}{\376\377\0003\0002\000.\0003\000\040\116\012\176\244\176\364\166\204\146\377\143\142\140\047}{chapter.32}% 143
\BOOKMARK [1][]{section.32.4}{\376\377\0003\0002\000.\0004\000\040\122\044\133\232\121\306\122\031}{chapter.32}% 144
\BOOKMARK [1][]{section.32.5}{\376\377\0003\0002\000.\0005\000\040\116\012\176\244\176\364\124\014\117\046\173\111\116\367}{chapter.32}% 145
\BOOKMARK [1][]{section.32.6}{\376\377\0003\0002\000.\0006\000\040\116\140\230\230}{chapter.32}% 146
\BOOKMARK [0][]{chapter.33}{\376\377\173\054\116\011\123\101\116\011\172\340\000\040\176\244\176\364}{part.5}% 147
\BOOKMARK [1][]{section.33.1}{\376\377\0003\0003\000.\0001\000\040\176\244\176\364\166\204\133\232\116\111}{chapter.33}% 148
\BOOKMARK [1][]{section.33.2}{\376\377\0003\0003\000.\0002\000\040\176\244\176\364\122\044\133\232\121\306\122\031}{chapter.33}% 149
\BOOKMARK [1][]{section.33.3}{\376\377\0003\0003\000.\0003\000\040\176\244\176\364\124\014\117\046\173\111\116\367}{chapter.33}% 150
\BOOKMARK [1][]{section.33.4}{\376\377\0003\0003\000.\0004\000\040\176\244\176\364\123\330\143\142}{chapter.33}% 151
\BOOKMARK [0][]{chapter.34}{\376\377\173\054\116\011\123\101\126\333\172\340\000\040\136\046\127\372\160\271\116\012\176\244\176\364\124\214\176\244\176\364\166\204\153\143\124\010\122\027}{part.5}% 152
\BOOKMARK [1][]{section.34.1}{\376\377\0003\0004\000.\0001\000\040\136\046\127\372\160\271\166\204\124\014\117\046\146\040\134\004\174\173}{chapter.34}% 153
\BOOKMARK [1][]{section.34.2}{\376\377\0003\0004\000.\0002\000\040\000C\000o\000n\000e\116\016\000S\000u\000s\000p\000e\000n\000s\000i\000o\000n}{chapter.34}% 154
\BOOKMARK [1][]{section.34.3}{\376\377\0003\0004\000.\0003\000\040\136\046\127\372\160\271\116\012\176\244\176\364}{chapter.34}% 155
\BOOKMARK [1][]{section.34.4}{\376\377\0003\0004\000.\0004\000\040\116\012\176\244\176\364\153\143\124\010\122\027}{chapter.34}% 156
\BOOKMARK [1][]{section.34.5}{\376\377\0003\0004\000.\0005\000\040\136\046\127\372\160\271\176\244\176\364}{chapter.34}% 157
\BOOKMARK [1][]{section.34.6}{\376\377\0003\0004\000.\0006\000\040\176\244\176\364\153\143\124\010\122\027}{chapter.34}% 158
\BOOKMARK [0][]{chapter.35}{\376\377\173\054\116\011\123\101\116\224\172\340\000\040\124\014\214\003\121\154\164\006\116\016\200\336\201\124\124\014\214\003}{part.5}% 159
\BOOKMARK [1][]{section.35.1}{\376\377\0003\0005\000.\0001\000\040\124\014\214\003\121\154\164\006}{chapter.35}% 160
\BOOKMARK [1][]{section.35.2}{\376\377\0003\0005\000.\0002\000\040\200\336\201\124\124\014\214\003}{chapter.35}% 161
\BOOKMARK [1][]{section.35.3}{\376\377\0003\0005\000.\0003\000\040\147\204\220\040}{chapter.35}% 162
\BOOKMARK [1][]{section.35.4}{\376\377\0003\0005\000.\0004\000\040\232\214\213\301\146\057\224\376\131\015\137\142}{chapter.35}% 163
\BOOKMARK [1][]{section.35.5}{\376\377\0003\0005\000.\0005\000\040\232\214\213\301\124\014\214\003\121\154\164\006}{chapter.35}% 164
\BOOKMARK [1][]{section.35.6}{\376\377\0003\0005\000.\0006\000\040\116\130\171\357\172\172\225\364\166\204\224\376\131\015\137\142}{chapter.35}% 165
\BOOKMARK [1][]{section.35.7}{\376\377\0003\0005\000.\0007\000\040\116\000\116\233\117\213\133\120}{chapter.35}% 166
\BOOKMARK [0][]{chapter.36}{\376\377\173\054\116\011\123\101\121\155\172\340\000\040\124\014\214\003\121\154\164\006\166\204\202\345\136\162\143\250\213\272}{part.5}% 167
\BOOKMARK [1][]{section.36.1}{\376\377\0003\0006\000.\0001\000\040\176\246\123\026\124\014\214\003}{chapter.36}% 168
\BOOKMARK [1][]{section.36.2}{\376\377\0003\0006\000.\0002\000\040\116\012\176\244\176\364\124\214\172\172\225\364\133\371\166\204\124\014\214\003}{chapter.36}% 169
\BOOKMARK [1][]{section.36.3}{\376\377\0003\0006\000.\0003\000\040\000S\000u\000s\000p\000e\000n\000s\000i\000o\000n\124\214\225\177\153\143\124\010\122\027}{chapter.36}% 170
\BOOKMARK [1][]{section.36.4}{\376\377\0003\0006\000.\0004\000\040\000M\000V\136\217\122\027}{chapter.36}% 171
\BOOKMARK [0][]{chapter.37}{\376\377\173\054\116\011\123\101\116\003\172\340\000\040\000H\000u\000r\000e\000w\000i\000c\000z\133\232\164\006\124\214\125\057\116\000\140\047\133\232\164\006}{part.5}% 172
\BOOKMARK [0][]{chapter.38}{\376\377\173\054\116\011\123\101\121\153\172\340\000\040\131\107\137\002\124\014\214\003}{part.5}% 173
\BOOKMARK [1][]{section.38.1}{\376\377\0003\0008\000.\0001\000\040\131\107\137\002\224\376\131\015\137\142}{chapter.38}% 174
\BOOKMARK [1][]{section.38.2}{\376\377\0003\0008\000.\0002\000\040\121\340\117\125\133\236\163\260}{chapter.38}% 175
\BOOKMARK [1][]{section.38.3}{\376\377\0003\0008\000.\0003\000\040\123\125\176\257\203\003\165\164\124\214\121\340\117\125\133\236\163\260}{chapter.38}% 176
\BOOKMARK [1][]{section.38.4}{\376\377\0003\0008\000.\0004\000\040\122\006\174\173\172\172\225\364\124\214\000E\000i\000l\000e\000n\000b\000e\000r\000g\000-\000M\000a\000c\000L\000a\000n\000e\172\172\225\364}{chapter.38}% 177
\BOOKMARK [0][]{chapter.39}{\376\377\173\054\116\011\123\101\116\135\172\340\000\040\000P\000o\000i\000n\000c\000a\000r\000e\133\371\120\166\133\232\164\006}{part.5}% 178
\BOOKMARK [1][]{section.39.1}{\376\377\0003\0009\000.\0001\000\040\122\115\177\156\167\345\213\306}{chapter.39}% 179
\BOOKMARK [1][]{section.39.2}{\376\377\0003\0009\000.\0002\000\040\136\075\171\357\000\050\000c\000a\000p\000\040\000p\000r\000o\000d\000u\000c\000t\000\051}{chapter.39}% 180
\BOOKMARK [1][]{section.39.3}{\376\377\0003\0009\000.\0003\000\040\133\232\124\021\124\214\127\372\147\054\174\173}{chapter.39}% 181
\BOOKMARK [1][]{section.39.4}{\376\377\0003\0009\000.\0004\000\040\155\210\131\061\133\232\164\006\166\204\213\301\146\016}{chapter.39}% 182
\BOOKMARK [1][]{section.39.5}{\376\377\0003\0009\000.\0005\000\040\000P\000o\000i\000n\000c\000a\000r\000e\133\371\120\166\133\232\164\006}{chapter.39}% 183
\BOOKMARK [1][]{section.39.6}{\376\377\0003\0009\000.\0006\000\040\116\000\116\233\136\224\165\050}{chapter.39}% 184
\BOOKMARK [1][]{section.39.7}{\376\377\0003\0009\000.\0007\000\040\145\271\124\021\211\206\166\326}{chapter.39}% 185
\BOOKMARK [1][]{section.39.8}{\376\377\0003\0009\000.\0008\000\040\116\000\116\233\143\250\213\272}{chapter.39}% 186
\BOOKMARK [0][]{chapter.40}{\376\377\173\054\126\333\123\101\172\340\000\040\155\101\137\142\166\204\143\007\150\007\000,\136\046\217\271\155\101\137\142}{part.5}% 187
\BOOKMARK [0][]{chapter.41}{\376\377\173\054\126\333\123\101\116\000\172\340\000\040\124\014\214\003\000,\116\012\124\014\214\003\116\016\122\006\174\173\172\172\225\364\000K\000\050\000,\000n\000\051}{part.5}% 188
\BOOKMARK [-1][]{part.6}{\376\377\173\054\121\155\220\350\122\006\000\040\155\101\137\142\166\204\116\343\145\160\142\323\142\121}{}% 189
\BOOKMARK [0][]{chapter.42}{\376\377\173\054\126\333\123\101\116\214\172\340\000\040\000D\000e\000\040\000R\000h\000a\000m\164\006\213\272}{part.6}% 190
\BOOKMARK [1][]{section.42.1}{\376\377\0004\0002\000.\0001\000\040}{chapter.42}% 191
\BOOKMARK [0][]{chapter.43}{\376\377\173\054\126\333\123\101\116\011\172\340\000\040\000C\003\006\000e\000c\000h\000-\000d\000e\000\040\000R\000h\000a\000m\131\015\137\142}{part.6}% 192
\BOOKMARK [0][]{chapter.44}{\376\377\173\054\126\333\123\101\126\333\172\340\000\040\116\343\145\160\142\323\142\121\116\016\214\061\136\217\122\027}{part.6}% 193
\BOOKMARK [0][]{chapter.45}{\376\377\173\054\126\333\123\101\116\224\172\340\000\040\171\072\140\047\174\173}{part.6}% 194
\BOOKMARK [1][]{section.45.1}{\376\377\0004\0005\000.\0001\000\040}{chapter.45}% 195
\BOOKMARK [-1][]{part.7}{\376\377\173\054\116\003\220\350\122\006\000\040\143\007\150\007\164\006\213\272}{}% 196
\BOOKMARK [0][]{chapter.46}{\376\377\173\054\126\333\123\101\121\155\172\340\000\040\000C\000l\000i\000f\000f\000o\000r\000d\116\343\145\160\123\312\121\166\210\150\171\072}{part.7}% 197
\BOOKMARK [1][]{section.46.1}{\376\377\0004\0006\000.\0001\000\040\000C\000l\000i\000f\000f\000o\000r\000d\210\150\171\072}{chapter.46}% 198
\BOOKMARK [0][]{chapter.47}{\376\377\173\054\126\333\123\101\116\003\172\340\000\040\000S\000p\000i\000n\121\340\117\125\124\214\000D\000i\000r\000a\000c\173\227\133\120}{part.7}% 199
\BOOKMARK [1][]{section.47.1}{\376\377\0004\0007\000.\0001\000\040\124\021\221\317\116\033\116\012\166\204\000S\000p\000i\000n\176\323\147\204}{chapter.47}% 200
\BOOKMARK [1][]{section.47.2}{\376\377\0004\0007\000.\0002\000\040\000S\000p\000i\000n\155\101\137\142}{chapter.47}% 201
\BOOKMARK [1][]{section.47.3}{\376\377\0004\0007\000.\0003\000\040\000C\000l\000i\000f\000f\000o\000r\000d\116\033\000,\145\313\221\317\116\033}{chapter.47}% 202
\BOOKMARK [1][]{section.47.4}{\376\377\0004\0007\000.\0004\000\040\200\124\176\334}{chapter.47}% 203
\BOOKMARK [1][]{section.47.5}{\376\377\0004\0007\000.\0005\000\040\000D\000i\000r\000a\000c\173\227\133\120}{chapter.47}% 204
\BOOKMARK [1][]{section.47.6}{\376\377\0004\0007\000.\0006\000\040\127\372\147\054\151\055\127\006\173\227\133\120}{chapter.47}% 205
\BOOKMARK [1][]{section.47.7}{\376\377\0004\0007\000.\0007\000\040\000C\000l\000k\176\277\140\047\000D\000i\000r\000a\000c\173\227\133\120}{chapter.47}% 206
\BOOKMARK [1][]{section.47.8}{\376\377\0004\0007\000.\0008\000\040\155\210\160\155\133\232\164\006}{chapter.47}% 207
\BOOKMARK [0][]{chapter.48}{\376\377\173\054\126\333\123\101\121\153\172\340\000\040\143\007\150\007\133\232\164\006}{part.7}% 208
\BOOKMARK [0][]{chapter.49}{\376\377\173\054\126\333\123\101\116\135\172\340\000\040\000C\000h\000e\000r\000n\000-\000W\000e\000i\000l\164\006\213\272}{part.7}% 209
\BOOKMARK [0][]{chapter.50}{\376\377\173\054\116\224\123\101\172\340\000\040\160\355\150\070}{part.7}% 210
\BOOKMARK [1][]{section*.2}{\376\377\176\303\116\140}{chapter.50}% 211
\BOOKMARK [0][]{chapter.51}{\376\377\173\054\116\224\123\101\116\000\172\340\000\040\131\015\121\340\117\125\116\012\166\204\143\007\150\007\133\232\164\006}{part.7}% 212
\BOOKMARK [0][]{appendix.A}{\376\377\000A\000\040\171\072\140\047\174\173\116\016\142\323\142\121\000K\164\006\213\272}{part.7}% 213
\BOOKMARK [1][]{section.A.1}{\376\377\000A\000.\0001\000\040\000G\000r\000a\000s\000s\000m\000a\000n\000n\000i\000a\000n\000s\155\101\137\142\166\204\116\012\124\014\214\003\163\257}{appendix.A}% 214
\BOOKMARK [0][]{appendix.B}{\376\377\000B\000\040\000P\000r\000i\000n\000c\000i\000p\000a\000l\000\040\000G\000-\000b\000u\000n\000d\000l\000e}{part.7}% 215
